
/home/runner/work/exp-laurentz-half-shade-polarimeter-iitb/exp-laurentz-half-shade-polarimeter-iitb/experiment/simulation/js/acitvity6.js
   4:10  warning  'activity6' is defined but never used  no-unused-vars
   5:5   warning  'pp' is not defined                    no-undef
  10:5   warning  'pp' is not defined                    no-undef
  11:5   warning  'pp' is not defined                    no-undef
  12:25  warning  'obt_1_data' is not defined            no-undef
  13:20  warning  'obt_1_data' is not defined            no-undef
  14:19  warning  'obt_1_data' is not defined            no-undef
  15:20  warning  'obt_2_data' is not defined            no-undef
  30:21  warning  'Chart' is not defined                 no-undef

/home/runner/work/exp-laurentz-half-shade-polarimeter-iitb/exp-laurentz-half-shade-polarimeter-iitb/experiment/simulation/js/activity1.js
    8:14   warning  'Pannel' is not defined                                no-undef
   14:10   warning  'start_act1' is defined but never used                 no-unused-vars
   21:10   warning  'move_to_activity3' is defined but never used          no-unused-vars
   24:5    warning  'activity3' is not defined                             no-undef
   33:5    warning  'global_score' is assigned a value but never used      no-unused-vars
   34:5    warning  'a1_panel' is defined but never used                   no-unused-vars
   35:5    warning  'all_text_content' is assigned a value but never used  no-unused-vars
   36:5    warning  'canvas_box_scale' is already defined                  no-redeclare
   36:5    warning  'canvas_box_scale' is assigned a value but never used  no-unused-vars
   39:5    warning  'a1_scene' is defined but never used                   no-unused-vars
   46:5    warning  'display_score' is defined but never used              no-unused-vars
   47:5    warning  'timer1' is assigned a value but never used            no-unused-vars
   62:17   warning  'Scene' is not defined                                 no-undef
   67:27   warning  'bootstrap' is not defined                             no-undef
  105:18   warning  'Chemistry' is not defined                             no-undef
  105:42   warning  'mono_source' is not defined                           no-undef
  105:59   warning  'Chemistry' is not defined                             no-undef
  108:9    warning  'sq' is already defined                                no-redeclare
  108:18   warning  'Chemistry' is not defined                             no-undef
  108:42   warning  'unpolarized_light' is not defined                     no-undef
  108:65   warning  'Chemistry' is not defined                             no-undef
  111:9    warning  'sq' is already defined                                no-redeclare
  111:18   warning  'Chemistry' is not defined                             no-undef
  111:42   warning  'canada_balsm' is not defined                          no-undef
  111:60   warning  'Chemistry' is not defined                             no-undef
  114:9    warning  'sq' is already defined                                no-redeclare
  114:18   warning  'Chemistry' is not defined                             no-undef
  114:42   warning  'half_shade_plate' is not defined                      no-undef
  114:64   warning  'Chemistry' is not defined                             no-undef
  117:9    warning  'sq' is already defined                                no-redeclare
  117:18   warning  'Chemistry' is not defined                             no-undef
  117:42   warning  'tube' is not defined                                  no-undef
  117:52   warning  'Chemistry' is not defined                             no-undef
  120:9    warning  'sq' is already defined                                no-redeclare
  120:18   warning  'Chemistry' is not defined                             no-undef
  120:42   warning  'analyzer' is not defined                              no-undef
  120:56   warning  'Chemistry' is not defined                             no-undef
  123:9    warning  'sq' is already defined                                no-redeclare
  123:18   warning  'Chemistry' is not defined                             no-undef
  123:42   warning  'rotation_scale' is not defined                        no-undef
  123:62   warning  'Chemistry' is not defined                             no-undef
  153:25   warning  'Chemistry' is not defined                             no-undef
  153:50   warning  'Chemistry' is not defined                             no-undef
  164:10   warning  'mono_source' is not defined                           no-undef
  164:23   warning  'mono_source' is not defined                           no-undef
  165:10   warning  'unpolarized_light' is not defined                     no-undef
  165:29   warning  'unpolarized_light' is not defined                     no-undef
  166:10   warning  'canada_balsm' is not defined                          no-undef
  166:24   warning  'canada_balsm' is not defined                          no-undef
  167:10   warning  'half_shade_plate' is not defined                      no-undef
  167:28   warning  'half_shade_plate' is not defined                      no-undef
  168:10   warning  'tube' is not defined                                  no-undef
  168:16   warning  'tube' is not defined                                  no-undef
  169:10   warning  'analyzer' is not defined                              no-undef
  169:20   warning  'analyzer' is not defined                              no-undef
  170:10   warning  'rotation_scale' is not defined                        no-undef
  170:26   warning  'rotation_scale' is not defined                        no-undef
  173:13   warning  'Chemistry' is not defined                             no-undef
  173:47   warning  'Chemistry' is not defined                             no-undef
  174:13   warning  'Chemistry' is not defined                             no-undef
  174:53   warning  'Chemistry' is not defined                             no-undef
  175:13   warning  'Chemistry' is not defined                             no-undef
  175:48   warning  'Chemistry' is not defined                             no-undef
  176:13   warning  'Chemistry' is not defined                             no-undef
  176:52   warning  'Chemistry' is not defined                             no-undef
  177:13   warning  'Chemistry' is not defined                             no-undef
  177:54   warning  'Chemistry' is not defined                             no-undef
  178:13   warning  'Chemistry' is not defined                             no-undef
  178:44   warning  'Chemistry' is not defined                             no-undef
  179:13   warning  'Chemistry' is not defined                             no-undef
  179:50   warning  'Chemistry' is not defined                             no-undef
  184:12   warning  Unexpected constant condition                          no-constant-condition
  206:49   warning  'Chemistry' is not defined                             no-undef
  209:39   warning  'bootstrap' is not defined                             no-undef
  241:30   warning  'Chemistry' is not defined                             no-undef
  241:73   warning  'Chemistry' is not defined                             no-undef
  269:13   warning  'bsOffcanvas' is already defined                       no-redeclare
  269:31   warning  'bootstrap' is not defined                             no-undef
  271:30   warning  'Chemistry' is not defined                             no-undef
  271:118  warning  'Chemistry' is not defined                             no-undef
  314:24   warning  'activity3' is not defined                             no-undef

/home/runner/work/exp-laurentz-half-shade-polarimeter-iitb/exp-laurentz-half-shade-polarimeter-iitb/experiment/simulation/js/activity3.js
   10:5   warning  'standard_value' is assigned a value but never used  no-unused-vars
   11:10  warning  'activity3' is defined but never used                no-unused-vars
   12:5   warning  'pp' is not defined                                  no-undef
   13:5   warning  'pp' is not defined                                  no-undef
   14:5   warning  'pp' is not defined                                  no-undef
   15:5   warning  'pp' is not defined                                  no-undef
   16:5   warning  'pp' is not defined                                  no-undef
   22:5   warning  'pp' is not defined                                  no-undef
   24:5   warning  'pp' is not defined                                  no-undef
   25:5   warning  'canvas' is not defined                              no-undef
   25:14  warning  'pp' is not defined                                  no-undef
   26:5   warning  'context' is not defined                             no-undef
   26:15  warning  'canvas' is not defined                              no-undef
   28:5   warning  'canvas' is not defined                              no-undef
   29:5   warning  'rect' is not defined                                no-undef
   29:12  warning  'canvas' is not defined                              no-undef
   30:5   warning  'scene' is not defined                               no-undef
   30:17  warning  'Scene' is not defined                               no-undef
   31:16  warning  'Chemistry' is not defined                           no-undef
   31:41  warning  'Chemistry' is not defined                           no-undef
   31:74  warning  'canvas' is not defined                              no-undef
   33:16  warning  'Chemistry' is not defined                           no-undef
   33:41  warning  'Chemistry' is not defined                           no-undef
   33:74  warning  'canvas' is not defined                              no-undef
   35:5   warning  'scene' is not defined                               no-undef
   36:5   warning  'scene' is not defined                               no-undef
   41:27  warning  'bootstrap' is not defined                           no-undef
   50:5   warning  'scene' is not defined                               no-undef
   53:5   warning  'canvas' is not defined                              no-undef
   54:5   warning  'canvas' is not defined                              no-undef
   54:21  warning  'canvas' is not defined                              no-undef
   55:5   warning  'lscale' is not defined                              no-undef
   55:14  warning  'canvas' is not defined                              no-undef
   56:59  warning  'canvas' is not defined                              no-undef
   60:5   warning  'context' is not defined                             no-undef
   60:26  warning  'canvas' is not defined                              no-undef
   61:5   warning  'context' is not defined                             no-undef
  104:5   warning  'pp' is not defined                                  no-undef
  114:10  warning  'sel_conc' is defined but never used                 no-unused-vars
  128:25  warning  'main_table_data' is not defined                     no-undef
  129:27  warning  'main_table_data' is not defined                     no-undef
  130:21  warning  'main_table_data' is not defined                     no-undef
  147:10  warning  'set_conc' is defined but never used                 no-unused-vars
  154:9   warning  'min' is assigned a value but never used             no-unused-vars
  154:15  warning  'main_table_data' is not defined                     no-undef
  155:9   warning  'max' is assigned a value but never used             no-unused-vars
  155:15  warning  'main_table_data' is not defined                     no-undef
  156:9   warning  'slider_1' is assigned a value but never used        no-unused-vars
  164:9   warning  'min' is assigned a value but never used             no-unused-vars
  164:21  warning  'main_table_data' is not defined                     no-undef
  165:9   warning  'max' is assigned a value but never used             no-unused-vars
  165:21  warning  'main_table_data' is not defined                     no-undef
  166:9   warning  'slider_2' is assigned a value but never used        no-unused-vars
  174:25  warning  'main_table_data' is not defined                     no-undef
  175:9   warning  'main_table_data' is not defined                     no-undef
  175:49  warning  'add_random_variation' is not defined                no-undef
  175:70  warning  'main_table_data' is not defined                     no-undef
  176:9   warning  'main_table_data' is not defined                     no-undef
  176:49  warning  'main_table_data' is not defined                     no-undef
  178:17  warning  'main_table_data' is not defined                     no-undef
  181:10  warning  'position_1_change' is defined but never used        no-unused-vars
  186:15  warning  'main_table_data' is not defined                     no-undef
  187:5   warning  'diffr' is not defined                               no-undef
  188:5   warning  'diffg' is not defined                               no-undef
  189:5   warning  'diffb' is not defined                               no-undef
  190:5   warning  'make_color_array' is not defined                    no-undef
  191:5   warning  'make_color_array_2' is not defined                  no-undef
  193:16  warning  'main_table_data' is not defined                     no-undef
  212:25  warning  'arr' is not defined                                 no-undef
  212:53  warning  'arr' is not defined                                 no-undef
  212:81  warning  'arr' is not defined                                 no-undef
  213:35  warning  'arr2' is not defined                                no-undef
  214:5   warning  'scene' is not defined                               no-undef
  216:10  warning  'position_2_change' is defined but never used        no-unused-vars
  223:15  warning  'main_table_data' is not defined                     no-undef
  227:10  warning  'save_move_to_act4' is defined but never used        no-unused-vars
  228:15  warning  'main_table_data' is not defined                     no-undef
  229:5   warning  'diffr' is not defined                               no-undef
  230:5   warning  'diffg' is not defined                               no-undef
  231:5   warning  'diffb' is not defined                               no-undef
  232:5   warning  'make_color_array' is not defined                    no-undef
  233:5   warning  'make_color_array_2' is not defined                  no-undef
  234:5   warning  'activity4' is not defined                           no-undef

/home/runner/work/exp-laurentz-half-shade-polarimeter-iitb/exp-laurentz-half-shade-polarimeter-iitb/experiment/simulation/js/activity4.js
    4:10   warning  'activity4' is defined but never used          no-unused-vars
    5:5    warning  'pp' is not defined                            no-undef
    6:5    warning  'pp' is not defined                            no-undef
    7:5    warning  'pp' is not defined                            no-undef
    8:5    warning  'pp' is not defined                            no-undef
    9:5    warning  'pp' is not defined                            no-undef
   23:120  warning  'dd_value' is not defined                      no-undef
   34:37   warning  'dd_value' is not defined                      no-undef
   55:18   warning  'inner_index' is not defined                   no-undef
   56:18   warning  'main_table_data' is not defined               no-undef
   56:34   warning  'sel_index' is not defined                     no-undef
   56:50   warning  'inner_index' is not defined                   no-undef
   57:18   warning  'main_table_data' is not defined               no-undef
   57:34   warning  'sel_index' is not defined                     no-undef
   57:50   warning  'inner_index' is not defined                   no-undef
   60:18   warning  'main_table_data' is not defined               no-undef
   60:34   warning  'sel_index' is not defined                     no-undef
   60:50   warning  'inner_index' is not defined                   no-undef
   69:5    warning  'pp' is not defined                            no-undef
   72:10   warning  'act4_verify_table' is defined but never used  no-unused-vars
   79:41   warning  'main_table_data' is not defined               no-undef
   79:57   warning  'sel_index' is not defined                     no-undef
   79:73   warning  'inner_index' is not defined                   no-undef
   80:41   warning  'main_table_data' is not defined               no-undef
   80:57   warning  'sel_index' is not defined                     no-undef
   80:73   warning  'inner_index' is not defined                   no-undef
   80:91   warning  'main_table_data' is not defined               no-undef
   80:107  warning  'sel_index' is not defined                     no-undef
   82:43   warning  'main_table_data' is not defined               no-undef
   82:59   warning  'sel_index' is not defined                     no-undef
   82:75   warning  'inner_index' is not defined                   no-undef
   83:45   warning  'main_table_data' is not defined               no-undef
   83:61   warning  'sel_index' is not defined                     no-undef
   83:77   warning  'inner_index' is not defined                   no-undef
   87:45   warning  'main_table_data' is not defined               no-undef
   87:61   warning  'sel_index' is not defined                     no-undef
   87:77   warning  'inner_index' is not defined                   no-undef
   87:95   warning  'main_table_data' is not defined               no-undef
   87:111  warning  'sel_index' is not defined                     no-undef
   87:127  warning  'inner_index' is not defined                   no-undef
   88:45   warning  'main_table_data' is not defined               no-undef
   88:61   warning  'sel_index' is not defined                     no-undef
   88:77   warning  'inner_index' is not defined                   no-undef
   88:95   warning  'main_table_data' is not defined               no-undef
   88:111  warning  'sel_index' is not defined                     no-undef
   88:127  warning  'inner_index' is not defined                   no-undef
   92:5    warning  'main_table_data' is not defined               no-undef
   92:21   warning  'sel_index' is not defined                     no-undef
   92:37   warning  'inner_index' is not defined                   no-undef
   95:5    warning  'pp' is not defined                            no-undef
   96:5    warning  'pp' is not defined                            no-undef
   97:27   warning  'bootstrap' is not defined                     no-undef
  102:5    warning  'pp' is not defined                            no-undef
  103:5    warning  'pp' is not defined                            no-undef
  107:25   warning  'main_table_data' is not defined               no-undef
  107:41   warning  'sel_index' is not defined                     no-undef
  111:15   warning  'main_table_data' is not defined               no-undef
  111:31   warning  'sel_index' is not defined                     no-undef
  112:15   warning  'main_table_data' is not defined               no-undef
  112:31   warning  'sel_index' is not defined                     no-undef
  113:15   warning  'main_table_data' is not defined               no-undef
  113:31   warning  'sel_index' is not defined                     no-undef
  114:15   warning  'main_table_data' is not defined               no-undef
  114:31   warning  'sel_index' is not defined                     no-undef
  114:55   warning  'main_table_data' is not defined               no-undef
  114:71   warning  'sel_index' is not defined                     no-undef
  115:15   warning  'main_table_data' is not defined               no-undef
  115:31   warning  'sel_index' is not defined                     no-undef

/home/runner/work/exp-laurentz-half-shade-polarimeter-iitb/exp-laurentz-half-shade-polarimeter-iitb/experiment/simulation/js/activity5.js
    7:10   warning  'activity5' is defined but never used      no-unused-vars
    8:5    warning  'pp' is not defined                        no-undef
   11:5    warning  'pp' is not defined                        no-undef
   18:5    warning  'pp' is not defined                        no-undef
   21:27   warning  'bootstrap' is not defined                 no-undef
   30:114  warning  'dd_value' is not defined                  no-undef
   41:31   warning  'dd_value' is not defined                  no-undef
   72:9    warning  'main_table_data' is not defined           no-undef
   72:25   warning  'sel_index' is not defined                 no-undef
   72:41   warning  'inner_index' is not defined               no-undef
   73:9    warning  'main_table_data' is not defined           no-undef
   73:25   warning  'sel_index' is not defined                 no-undef
   73:41   warning  'inner_index' is not defined               no-undef
   74:9    warning  'main_table_data' is not defined           no-undef
   74:25   warning  'sel_index' is not defined                 no-undef
   74:41   warning  'inner_index' is not defined               no-undef
   75:9    warning  'main_table_data' is not defined           no-undef
   75:25   warning  'sel_index' is not defined                 no-undef
   75:41   warning  'inner_index' is not defined               no-undef
   75:59   warning  'main_table_data' is not defined           no-undef
   75:75   warning  'sel_index' is not defined                 no-undef
   75:91   warning  'inner_index' is not defined               no-undef
   76:9    warning  'main_table_data' is not defined           no-undef
   76:25   warning  'sel_index' is not defined                 no-undef
   76:41   warning  'inner_index' is not defined               no-undef
   82:9    warning  'main_table_data' is not defined           no-undef
   82:25   warning  'sel_index' is not defined                 no-undef
   82:41   warning  'inner_index' is not defined               no-undef
   92:5    warning  'pp' is not defined                        no-undef
   93:5    warning  'pp' is not defined                        no-undef
   95:10   warning  'verify_table2' is defined but never used  no-unused-vars
  101:14   warning  'main_table_data' is not defined           no-undef
  101:30   warning  'sel_index' is not defined                 no-undef
  101:46   warning  'inner_index' is not defined               no-undef
  101:64   warning  'main_table_data' is not defined           no-undef
  101:80   warning  'sel_index' is not defined                 no-undef
  101:96   warning  'inner_index' is not defined               no-undef
  102:14   warning  'main_table_data' is not defined           no-undef
  102:30   warning  'sel_index' is not defined                 no-undef
  102:46   warning  'inner_index' is not defined               no-undef
  102:64   warning  'main_table_data' is not defined           no-undef
  102:80   warning  'sel_index' is not defined                 no-undef
  102:96   warning  'inner_index' is not defined               no-undef
  102:114  warning  'main_table_data' is not defined           no-undef
  102:130  warning  'sel_index' is not defined                 no-undef
  102:146  warning  'inner_index' is not defined               no-undef
  103:45   warning  'main_table_data' is not defined           no-undef
  103:61   warning  'sel_index' is not defined                 no-undef
  103:77   warning  'inner_index' is not defined               no-undef
  103:95   warning  'main_table_data' is not defined           no-undef
  103:111  warning  'sel_index' is not defined                 no-undef
  103:127  warning  'inner_index' is not defined               no-undef
  116:10   warning  'verify_values' is not defined             no-undef
  121:10   warning  'verify_values' is not defined             no-undef
  128:5    warning  'pp' is not defined                        no-undef
  129:5    warning  'pp' is not defined                        no-undef
  139:25   warning  'main_table_data' is not defined           no-undef
  139:41   warning  'sel_index' is not defined                 no-undef
  141:33   warning  'main_table_data' is not defined           no-undef
  141:49   warning  'sel_index' is not defined                 no-undef
  141:73   warning  'main_table_data' is not defined           no-undef
  141:89   warning  'sel_index' is not defined                 no-undef
  141:113  warning  'main_table_data' is not defined           no-undef
  141:129  warning  'sel_index' is not defined                 no-undef
  141:153  warning  'main_table_data' is not defined           no-undef
  141:169  warning  'sel_index' is not defined                 no-undef
  141:193  warning  'main_table_data' is not defined           no-undef
  141:209  warning  'sel_index' is not defined                 no-undef
  142:28   warning  'main_table_data' is not defined           no-undef
  142:44   warning  'sel_index' is not defined                 no-undef
  145:13   warning  'main_table_data' is not defined           no-undef
  145:29   warning  'sel_index' is not defined                 no-undef
  146:13   warning  'main_table_data' is not defined           no-undef
  146:29   warning  'sel_index' is not defined                 no-undef
  147:13   warning  'main_table_data' is not defined           no-undef
  147:29   warning  'sel_index' is not defined                 no-undef
  148:13   warning  'main_table_data' is not defined           no-undef
  148:29   warning  'sel_index' is not defined                 no-undef
  148:53   warning  'main_table_data' is not defined           no-undef
  148:69   warning  'sel_index' is not defined                 no-undef
  149:13   warning  'main_table_data' is not defined           no-undef
  149:29   warning  'sel_index' is not defined                 no-undef
  151:13   warning  'main_table_data' is not defined           no-undef
  151:29   warning  'sel_index' is not defined                 no-undef
  151:53   warning  'main_table_data' is not defined           no-undef
  151:69   warning  'sel_index' is not defined                 no-undef
  152:14   warning  'main_table_data' is not defined           no-undef
  152:30   warning  'sel_index' is not defined                 no-undef
  152:54   warning  'main_table_data' is not defined           no-undef
  152:70   warning  'sel_index' is not defined                 no-undef
  152:94   warning  'main_table_data' is not defined           no-undef
  152:110  warning  'sel_index' is not defined                 no-undef
  153:15   warning  'main_table_data' is not defined           no-undef
  153:31   warning  'sel_index' is not defined                 no-undef
  153:55   warning  'main_table_data' is not defined           no-undef
  153:71   warning  'sel_index' is not defined                 no-undef
  153:95   warning  'main_table_data' is not defined           no-undef
  153:111  warning  'sel_index' is not defined                 no-undef
  153:135  warning  'main_table_data' is not defined           no-undef
  153:151  warning  'sel_index' is not defined                 no-undef
  153:175  warning  'main_table_data' is not defined           no-undef
  153:191  warning  'sel_index' is not defined                 no-undef
  154:13   warning  'main_table_data' is not defined           no-undef
  154:29   warning  'sel_index' is not defined                 no-undef
  155:16   warning  'main_table_data' is not defined           no-undef
  155:32   warning  'sel_index' is not defined                 no-undef
  155:56   warning  'main_table_data' is not defined           no-undef
  155:72   warning  'sel_index' is not defined                 no-undef
  155:96   warning  'main_table_data' is not defined           no-undef
  155:112  warning  'sel_index' is not defined                 no-undef
  155:136  warning  'main_table_data' is not defined           no-undef
  155:152  warning  'sel_index' is not defined                 no-undef
  155:176  warning  'main_table_data' is not defined           no-undef
  155:192  warning  'sel_index' is not defined                 no-undef
  155:228  warning  'main_table_data' is not defined           no-undef
  155:244  warning  'sel_index' is not defined                 no-undef
  155:268  warning  'main_table_data' is not defined           no-undef
  155:284  warning  'sel_index' is not defined                 no-undef

/home/runner/work/exp-laurentz-half-shade-polarimeter-iitb/exp-laurentz-half-shade-polarimeter-iitb/experiment/simulation/js/activity6.js
    5:5   warning  'calculated_slope' is assigned a value but never used  no-unused-vars
    6:5   warning  'calculated_s' is assigned a value but never used      no-unused-vars
    7:10  warning  'activity6' is defined but never used                  no-unused-vars
    8:5   warning  'pp' is not defined                                    no-undef
   15:5   warning  'pp' is not defined                                    no-undef
   16:5   warning  'pp' is not defined                                    no-undef
   17:13  warning  'concentration' is not defined                         no-undef
   18:12  warning  'angle_of_rotation' is not defined                     no-undef
   37:21  warning  'Chart' is not defined                                 no-undef
   98:5   warning  'pp' is not defined                                    no-undef
  108:5   warning  'pp' is not defined                                    no-undef
  109:5   warning  'pp' is not defined                                    no-undef
  113:11  warning  'regression_linear_1variable' is not defined           no-undef
  120:10  warning  'verify_slope' is defined but never used               no-unused-vars
  121:9   warning  'val1' is assigned a value but never used              no-unused-vars
  122:9   warning  'val2' is assigned a value but never used              no-unused-vars
  123:9   warning  'val3' is assigned a value but never used              no-unused-vars
  124:9   warning  'val4' is assigned a value but never used              no-unused-vars
  127:38  warning  'concentration' is not defined                         no-undef
  127:57  warning  'concentration' is not defined                         no-undef
  128:10  warning  'verify_values' is not defined                         no-undef
  129:45  warning  'concentration' is not defined                         no-undef
  133:19  warning  'main_table_data' is not defined                       no-undef
  133:35  warning  'sel_index' is not defined                             no-undef
  134:10  warning  'verify_values' is not defined                         no-undef
  135:45  warning  'concentration' is not defined                         no-undef
  144:5   warning  'pp' is not defined                                    no-undef

/home/runner/work/exp-laurentz-half-shade-polarimeter-iitb/exp-laurentz-half-shade-polarimeter-iitb/experiment/simulation/js/activity7.js
   2:10   warning  'activity7' is defined but never used   no-unused-vars
   3:5    warning  'pp' is not defined                     no-undef
   4:5    warning  'pp' is not defined                     no-undef
   5:5    warning  'pp' is not defined                     no-undef
  11:57   warning  'dd_value' is not defined               no-undef
  11:73   warning  'main_table_data' is not defined        no-undef
  11:89   warning  'sel_index' is not defined              no-undef
  12:61   warning  'dd_value' is not defined               no-undef
  12:77   warning  'calculated_s' is not defined           no-undef
  30:9    warning  'calculated_s' is not defined           no-undef
  30:24   warning  'standard_value' is not defined         no-undef
  33:5    warning  'pp' is not defined                     no-undef
  35:10   warning  'check_quiz' is defined but never used  no-unused-vars
  38:9    warning  'pp' is not defined                     no-undef
  41:9    warning  'pp' is not defined                     no-undef
  41:101  warning  'calculated_s' is not defined           no-undef
  41:119  warning  'standard_value' is not defined         no-undef
  43:27   warning  'bootstrap' is not defined              no-undef

/home/runner/work/exp-laurentz-half-shade-polarimeter-iitb/exp-laurentz-half-shade-polarimeter-iitb/experiment/simulation/js/actvity6.js
   4:10  warning  'activity6' is defined but never used  no-unused-vars
   5:5   warning  'pp' is not defined                    no-undef
  10:5   warning  'pp' is not defined                    no-undef
  11:5   warning  'pp' is not defined                    no-undef
  12:25  warning  'obt_1_data' is not defined            no-undef
  13:20  warning  'obt_1_data' is not defined            no-undef
  14:19  warning  'obt_1_data' is not defined            no-undef
  15:20  warning  'obt_2_data' is not defined            no-undef
  30:21  warning  'Chart' is not defined                 no-undef

/home/runner/work/exp-laurentz-half-shade-polarimeter-iitb/exp-laurentz-half-shade-polarimeter-iitb/experiment/simulation/js/common.js
   1:10  warning  'verify_values' is defined but never used                no-unused-vars
  17:10  warning  'std_deviation' is defined but never used                no-unused-vars
  23:10  warning  'regression_linear' is defined but never used            no-unused-vars
  40:10  warning  'newton_raphson' is defined but never used               no-unused-vars
  55:5   warning  'c' is assigned a value but never used                   no-unused-vars
  56:5   warning  'a' is assigned a value but never used                   no-unused-vars
  57:5   warning  'b' is assigned a value but never used                   no-unused-vars
  58:10  warning  'add_random_variation' is defined but never used         no-unused-vars
  78:10  warning  'verify2' is defined but never used                      no-unused-vars
  91:10  warning  'compare_float_numbers' is defined but never used        no-unused-vars
  91:32  warning  'num1' is defined but never used                         no-unused-vars
  91:38  warning  'num2' is defined but never used                         no-unused-vars
  93:10  warning  'regression_linear_1variable' is defined but never used  no-unused-vars

/home/runner/work/exp-laurentz-half-shade-polarimeter-iitb/exp-laurentz-half-shade-polarimeter-iitb/experiment/simulation/js/data.js
  6:5  warning  'main_table_data' is assigned a value but never used  no-unused-vars

/home/runner/work/exp-laurentz-half-shade-polarimeter-iitb/exp-laurentz-half-shade-polarimeter-iitb/experiment/simulation/js/dummy.js
  2:14  warning  'Pannel' is not defined  no-undef

/home/runner/work/exp-laurentz-half-shade-polarimeter-iitb/exp-laurentz-half-shade-polarimeter-iitb/experiment/simulation/js/geomerty.js
   33:49   warning  'lscale' is not defined          no-undef
   34:49   warning  'lscale' is not defined          no-undef
   46:23   warning  'pt1' is defined but never used  no-unused-vars
   46:28   warning  'pt2' is defined but never used  no-unused-vars
   46:33   warning  'pt3' is defined but never used  no-unused-vars
   50:24   warning  'geo' is defined but never used  no-unused-vars
   69:44   warning  'lscale' is not defined          no-undef
   69:66   warning  'lscale' is not defined          no-undef
   69:88   warning  'lscale' is not defined          no-undef
   82:48   warning  'lscale' is not defined          no-undef
   83:48   warning  'lscale' is not defined          no-undef
  108:47   warning  'lscale' is not defined          no-undef
  108:69   warning  'lscale' is not defined          no-undef
  109:60   warning  'lscale' is not defined          no-undef
  109:95   warning  'lscale' is not defined          no-undef
  133:50   warning  'lscale' is not defined          no-undef
  133:72   warning  'lscale' is not defined          no-undef
  137:50   warning  'lscale' is not defined          no-undef
  139:48   warning  'lscale' is not defined          no-undef
  154:48   warning  'lscale' is not defined          no-undef
  155:48   warning  'lscale' is not defined          no-undef
  180:47   warning  'lscale' is not defined          no-undef
  180:69   warning  'lscale' is not defined          no-undef
  181:60   warning  'lscale' is not defined          no-undef
  181:95   warning  'lscale' is not defined          no-undef
  203:39   warning  'lscale' is not defined          no-undef
  203:57   warning  'lscale' is not defined          no-undef
  204:39   warning  'lscale' is not defined          no-undef
  204:57   warning  'lscale' is not defined          no-undef
  253:39   warning  'lscale' is not defined          no-undef
  253:57   warning  'lscale' is not defined          no-undef
  254:39   warning  'lscale' is not defined          no-undef
  254:57   warning  'lscale' is not defined          no-undef
  297:33   warning  'lscale' is not defined          no-undef
  298:33   warning  'lscale' is not defined          no-undef
  346:50   warning  'lscale' is not defined          no-undef
  346:72   warning  'lscale' is not defined          no-undef
  351:61   warning  'lscale' is not defined          no-undef
  351:84   warning  'lscale' is not defined          no-undef
  351:102  warning  'lscale' is not defined          no-undef
  351:120  warning  'lscale' is not defined          no-undef
  365:33   warning  'lscale' is not defined          no-undef
  366:33   warning  'lscale' is not defined          no-undef
  367:41   warning  'lscale' is not defined          no-undef
  367:64   warning  'lscale' is not defined          no-undef
  367:98   warning  'lscale' is not defined          no-undef
  367:121  warning  'lscale' is not defined          no-undef
  368:45   warning  'lscale' is not defined          no-undef
  368:68   warning  'lscale' is not defined          no-undef
  368:102  warning  'lscale' is not defined          no-undef
  368:125  warning  'lscale' is not defined          no-undef
  395:61   warning  'lscale' is not defined          no-undef
  395:90   warning  'lscale' is not defined          no-undef
  396:61   warning  'lscale' is not defined          no-undef
  396:96   warning  'lscale' is not defined          no-undef
  397:66   warning  'lscale' is not defined          no-undef
  397:101  warning  'lscale' is not defined          no-undef
  398:66   warning  'lscale' is not defined          no-undef
  398:100  warning  'lscale' is not defined          no-undef
  399:67   warning  'lscale' is not defined          no-undef
  399:101  warning  'lscale' is not defined          no-undef
  400:67   warning  'lscale' is not defined          no-undef
  400:96   warning  'lscale' is not defined          no-undef
  401:61   warning  'lscale' is not defined          no-undef
  401:90   warning  'lscale' is not defined          no-undef
  418:33   warning  'lscale' is not defined          no-undef
  419:33   warning  'lscale' is not defined          no-undef
  448:46   warning  'lscale' is not defined          no-undef
  454:50   warning  'lscale' is not defined          no-undef
  454:72   warning  'lscale' is not defined          no-undef
  483:52   warning  'lscale' is not defined          no-undef
  483:79   warning  'lscale' is not defined          no-undef
  485:56   warning  'lscale' is not defined          no-undef
  485:83   warning  'lscale' is not defined          no-undef
  522:50   warning  'lscale' is not defined          no-undef
  522:72   warning  'lscale' is not defined          no-undef
  528:61   warning  'lscale' is not defined          no-undef
  528:84   warning  'lscale' is not defined          no-undef
  528:102  warning  'lscale' is not defined          no-undef
  528:120  warning  'lscale' is not defined          no-undef
  542:33   warning  'lscale' is not defined          no-undef
  543:33   warning  'lscale' is not defined          no-undef
  544:41   warning  'lscale' is not defined          no-undef
  544:64   warning  'lscale' is not defined          no-undef
  544:98   warning  'lscale' is not defined          no-undef
  544:121  warning  'lscale' is not defined          no-undef
  545:45   warning  'lscale' is not defined          no-undef
  545:68   warning  'lscale' is not defined          no-undef
  545:102  warning  'lscale' is not defined          no-undef
  545:125  warning  'lscale' is not defined          no-undef
  574:50   warning  'lscale' is not defined          no-undef
  574:72   warning  'lscale' is not defined          no-undef
  579:139  warning  'lscale' is not defined          no-undef
  579:172  warning  'lscale' is not defined          no-undef
  579:205  warning  'lscale' is not defined          no-undef
  579:225  warning  'lscale' is not defined          no-undef
  600:50   warning  'lscale' is not defined          no-undef
  600:72   warning  'lscale' is not defined          no-undef
  605:139  warning  'lscale' is not defined          no-undef
  605:172  warning  'lscale' is not defined          no-undef
  605:205  warning  'lscale' is not defined          no-undef
  605:225  warning  'lscale' is not defined          no-undef
  627:50   warning  'lscale' is not defined          no-undef
  627:72   warning  'lscale' is not defined          no-undef
  632:133  warning  'lscale' is not defined          no-undef
  632:172  warning  'lscale' is not defined          no-undef
  632:205  warning  'lscale' is not defined          no-undef
  632:224  warning  'lscale' is not defined          no-undef
  656:39   warning  'lscale' is not defined          no-undef
  656:53   warning  'lscale' is not defined          no-undef
  657:39   warning  'lscale' is not defined          no-undef
  657:53   warning  'lscale' is not defined          no-undef
  658:39   warning  'lscale' is not defined          no-undef
  658:53   warning  'lscale' is not defined          no-undef
  659:39   warning  'lscale' is not defined          no-undef
  659:53   warning  'lscale' is not defined          no-undef
  666:36   warning  'lscale' is not defined          no-undef
  666:50   warning  'lscale' is not defined          no-undef
  666:63   warning  'lscale' is not defined          no-undef
  677:36   warning  'lscale' is not defined          no-undef
  677:50   warning  'lscale' is not defined          no-undef
  677:63   warning  'lscale' is not defined          no-undef
  704:46   warning  'lscale' is not defined          no-undef
  709:50   warning  'lscale' is not defined          no-undef
  709:72   warning  'lscale' is not defined          no-undef
  731:50   warning  'lscale' is not defined          no-undef
  731:72   warning  'lscale' is not defined          no-undef
  735:46   warning  'lscale' is not defined          no-undef
  736:46   warning  'lscale' is not defined          no-undef
  736:67   warning  'lscale' is not defined          no-undef
  737:49   warning  'lscale' is not defined          no-undef
  774:50   warning  'lscale' is not defined          no-undef
  774:72   warning  'lscale' is not defined          no-undef
  790:38   warning  'lscale' is not defined          no-undef
  790:51   warning  'lscale' is not defined          no-undef
  792:38   warning  'lscale' is not defined          no-undef
  794:38   warning  'lscale' is not defined          no-undef
  794:52   warning  'lscale' is not defined          no-undef

/home/runner/work/exp-laurentz-half-shade-polarimeter-iitb/exp-laurentz-half-shade-polarimeter-iitb/experiment/simulation/js/pannel.js
  8:7  warning  'Pannel' is defined but never used  no-unused-vars

/home/runner/work/exp-laurentz-half-shade-polarimeter-iitb/exp-laurentz-half-shade-polarimeter-iitb/experiment/simulation/js/scene.js
   1:7    warning  'Scene' is defined but never used         no-unused-vars
  11:9    warning  'context' is not defined                  no-undef
  11:33   warning  'canvas' is not defined                   no-undef
  11:47   warning  'canvas' is not defined                   no-undef
  27:5    warning  'context' is not defined                  no-undef
  28:9    warning  'grd' is assigned a value but never used  no-unused-vars
  28:15   warning  'context' is not defined                  no-undef
  28:44   warning  'canvas' is not defined                   no-undef
  28:62   warning  'canvas' is not defined                   no-undef
  28:84   warning  'canvas' is not defined                   no-undef
  28:102  warning  'canvas' is not defined                   no-undef
  28:121  warning  'canvas' is not defined                   no-undef
  36:5    warning  'context' is not defined                  no-undef
  37:5    warning  'context' is not defined                  no-undef
  37:28   warning  'canvas' is not defined                   no-undef
  37:42   warning  'canvas' is not defined                   no-undef
  38:5    warning  'context' is not defined                  no-undef
  39:5    warning  'context' is not defined                  no-undef

/home/runner/work/exp-laurentz-half-shade-polarimeter-iitb/exp-laurentz-half-shade-polarimeter-iitb/experiment/simulation/js/test.js
  2:14  warning  'Pannel' is not defined                     no-undef
  4:5   warning  'table' is assigned a value but never used  no-unused-vars

✖ 587 problems (0 errors, 587 warnings)

